<?xml version="1.0" encoding="UTF-8"?>
<testng-results ignored="0" total="1" passed="1" failed="0" skipped="0">
  <reporter-output>
  </reporter-output>
  <suite started-at="2021-06-26T13:32:54 IST" name="Default suite" finished-at="2021-06-26T13:33:38 IST" duration-ms="44563">
    <groups>
    </groups>
    <test started-at="2021-06-26T13:32:54 IST" name="Default test" finished-at="2021-06-26T13:33:38 IST" duration-ms="44563">
      <class name="YatraTest">
        <test-method is-config="true" signature="setExtent()[pri:0, instance:YatraTest@5876a9af]" started-at="2021-06-26T13:32:54 IST" name="setExtent" finished-at="2021-06-26T13:32:54 IST" duration-ms="336" status="PASS">
          <reporter-output>
          </reporter-output>
        </test-method> <!-- setExtent -->
        <test-method is-config="true" signature="setup()[pri:0, instance:YatraTest@5876a9af]" started-at="2021-06-26T13:32:54 IST" name="setup" finished-at="2021-06-26T13:33:36 IST" duration-ms="42098" status="PASS">
          <reporter-output>
          </reporter-output>
        </test-method> <!-- setup -->
        <test-method signature="yatraTitleTest()[pri:0, instance:YatraTest@5876a9af]" started-at="2021-06-26T13:33:36 IST" name="yatraTitleTest" finished-at="2021-06-26T13:33:36 IST" duration-ms="39" status="PASS">
          <reporter-output>
          </reporter-output>
        </test-method> <!-- yatraTitleTest -->
        <test-method is-config="true" signature="tearDown(org.testng.ITestResult)[pri:0, instance:YatraTest@5876a9af]" started-at="2021-06-26T13:33:36 IST" name="tearDown" finished-at="2021-06-26T13:33:38 IST" duration-ms="1459" status="PASS">
          <params>
            <param index="0">
              <value>
                <![CDATA[[TestResult name=yatraTitleTest status=SUCCESS method=YatraTest.yatraTitleTest()[pri:0, instance:YatraTest@5876a9af] output={null}]]]>
              </value>
            </param>
          </params>
          <reporter-output>
          </reporter-output>
        </test-method> <!-- tearDown -->
        <test-method is-config="true" signature="endReport()[pri:0, instance:YatraTest@5876a9af]" started-at="2021-06-26T13:33:38 IST" name="endReport" finished-at="2021-06-26T13:33:38 IST" duration-ms="553" status="PASS">
          <reporter-output>
          </reporter-output>
        </test-method> <!-- endReport -->
      </class> <!-- YatraTest -->
    </test> <!-- Default test -->
  </suite> <!-- Default suite -->
</testng-results>
